
-----
Test: tests/test_smoke_buy_product.py::test_buy_books (call)
Start time: 2023-11-11 15:56:56.274899
Start name method: authorization

End time: 2023-11-11 15:58:01.065713
End name method: authorization
URL: https://www.litres.ru/

-----

-----
Test: tests/test_smoke_buy_product.py::test_buy_books (call)
Start time: 2023-11-11 15:58:01.133179
Start name method: get_start_it

End time: 2023-11-11 15:58:09.342795
End name method: get_start_it
URL: https://www.litres.ru/genre/kulinariya-5275/

-----

-----
Test: tests/test_smoke_buy_product.py::test_buy_books (call)
Start time: 2023-11-11 15:58:09.346061
Start name method: search_product_book

End time: 2023-11-11 15:58:10.220561
End name method: search_product_book
URL: https://www.litres.ru/search/?q=%D0%B4%D0%BE%20%D0%BA%D0%B0%D0%BC%D0%B5%D1%80%D0%BD%D1%8B%D1%85%20%D0%BF%D0%BE%D1%81%D0%B8%D0%B4%D0%B5%D0%BB%D0%BE%D0%BA

-----

-----
Test: tests/test_smoke_buy_product.py::test_buy_books (call)
Start time: 2023-11-11 15:58:15.865421
Start name method: select_filters

End time: 2023-11-11 15:58:22.568317
End name method: select_filters
URL: https://www.litres.ru/search/?q=%D0%B4%D0%BE+%D0%BA%D0%B0%D0%BC%D0%B5%D1%80%D0%BD%D1%8B%D1%85+%D0%BF%D0%BE%D1%81%D0%B8%D0%B4%D0%B5%D0%BB%D0%BE%D0%BA&art_types=text_book&languages=ru&only_high_rated=true

-----

-----
Test: tests/test_smoke_buy_product.py::test_buy_books (call)
Start time: 2023-11-11 15:58:22.592063
Start name method: select_product

End time: 2023-11-11 15:59:08.568106
End name method: select_product
URL: https://www.litres.ru/book/tatyana-alekseeva-32/bolshaya-povarennaya-kniga-garri-pottera-ot-prazdnich-69751531/

-----

-----
Test: tests/test_smoke_buy_product.py::test_buy_books (call)
Start time: 2023-11-11 15:59:08.571434
Start name method: receive_data

End time: 2023-11-11 15:59:11.583320
End name method: receive_data
URL: https://www.litres.ru/book/tatyana-alekseeva-32/bolshaya-povarennaya-kniga-garri-pottera-ot-prazdnich-69751531/

-----

-----
Test: tests/test_smoke_buy_product.py::test_buy_books (call)
Start time: 2023-11-11 15:59:11.683815
Start name method: working_with_the_cooking_book

End time: 2023-11-11 15:59:28.419155
End name method: working_with_the_cooking_book
URL: https://www.litres.ru/pages/new_liked/

-----

-----
Test: tests/test_smoke_buy_product.py::test_buy_books (call)
Start time: 2023-11-11 15:59:28.419457
Start name method: receive_data_fav

End time: 2023-11-11 15:59:28.436222
End name method: receive_data_fav
URL: https://www.litres.ru/pages/new_liked/

-----

-----
Test: tests/test_smoke_buy_product.py::test_buy_books (call)
Start time: 2023-11-11 15:59:28.546913
Start name method: working_with_book_in_the_favorites

End time: 2023-11-11 15:59:30.300841
End name method: working_with_book_in_the_favorites
URL: https://www.litres.ru/static/or3/view/or.html?art_type=4&bname=%25D0%2591%25D0%25BE%25D0%25BB%25D1%258C%25D1%2588%25D0%25B0%25D1%258F%2520%25D0%25BF%25D0%25BE%25D0%25B2%25D0%25B0%25D1%2580%25D0%25B5%25D0%25BD%25D0%25BD%25D0%25B0%25D1%258F%2520%25D0%25BA%25D0%25BD%25D0%25B8%25D0%25B3%25D0%25B0%2520%25D0%2593%25D0%25B0%25D1%2580%25D1%2580%25D0%25B8%2520%25D0%259F%25D0%25BE%25D1%2582%25D1%2582%25D0%25B5%25D1%2580%25D0%25B0.%2520%25D0%259E%25D1%2582%2520%25D0%25BF%25D1%2580%25D0%25B0%25D0%25B7%25D0%25B4%25D0%25BD%25D0%25B8%25D1%2587%25D0%25BD%25D1%258B%25D1%2585%2520%25D0%25BF%25D0%25B8%25D1%2580%25D0%25BE%25D0%25B2%2520%25D0%25A5%25D0%25BE%25D0%25B3%25D0%25B2%25D0%25B0%25D1%2580%25D1%2582%25D1%2581%25D0%25B0%2520%25D0%25B4%25D0%25BE%2520%25D0%25BA%25D0%25B0%25D0%25BC%25D0%25B5%25D1%2580%25D0%25BD%25D1%258B%25D1%2585%2520%25D0%25BF%25D0%25BE%25D1%2581%25D0%25B8%25D0%25B4%25D0%25B5%25D0%25BB%25D0%25BE%25D0%25BA%2520%25D0%25B2%2520%25C2%25AB%25D0%259D%25D0%25BE%25D1%2580%25D0%25B5%25C2%25BB&art=69751531&user=1114491804&uuid=d7f291bd-5c3b-11ee-8496-0cc47af30fe4&uilang=ru&trial=1

-----

-----
Test: tests/test_smoke_buy_product.py::test_buy_books (call)
Start time: 2023-11-11 15:59:30.301193
Start name method: receive_data_read

End time: 2023-11-11 15:59:30.312898
End name method: receive_data_read
URL: https://www.litres.ru/static/or3/view/or.html?art_type=4&bname=%25D0%2591%25D0%25BE%25D0%25BB%25D1%258C%25D1%2588%25D0%25B0%25D1%258F%2520%25D0%25BF%25D0%25BE%25D0%25B2%25D0%25B0%25D1%2580%25D0%25B5%25D0%25BD%25D0%25BD%25D0%25B0%25D1%258F%2520%25D0%25BA%25D0%25BD%25D0%25B8%25D0%25B3%25D0%25B0%2520%25D0%2593%25D0%25B0%25D1%2580%25D1%2580%25D0%25B8%2520%25D0%259F%25D0%25BE%25D1%2582%25D1%2582%25D0%25B5%25D1%2580%25D0%25B0.%2520%25D0%259E%25D1%2582%2520%25D0%25BF%25D1%2580%25D0%25B0%25D0%25B7%25D0%25B4%25D0%25BD%25D0%25B8%25D1%2587%25D0%25BD%25D1%258B%25D1%2585%2520%25D0%25BF%25D0%25B8%25D1%2580%25D0%25BE%25D0%25B2%2520%25D0%25A5%25D0%25BE%25D0%25B3%25D0%25B2%25D0%25B0%25D1%2580%25D1%2582%25D1%2581%25D0%25B0%2520%25D0%25B4%25D0%25BE%2520%25D0%25BA%25D0%25B0%25D0%25BC%25D0%25B5%25D1%2580%25D0%25BD%25D1%258B%25D1%2585%2520%25D0%25BF%25D0%25BE%25D1%2581%25D0%25B8%25D0%25B4%25D0%25B5%25D0%25BB%25D0%25BE%25D0%25BA%2520%25D0%25B2%2520%25C2%25AB%25D0%259D%25D0%25BE%25D1%2580%25D0%25B5%25C2%25BB&art=69751531&user=1114491804&uuid=d7f291bd-5c3b-11ee-8496-0cc47af30fe4&uilang=ru&trial=1

-----

-----
Test: tests/test_smoke_buy_product.py::test_buy_books (call)
Start time: 2023-11-11 15:59:30.343836
Start name method: reading_a_fragment_of_a_book

End time: 2023-11-11 16:00:35.214185
End name method: reading_a_fragment_of_a_book
URL: https://www.litres.ru/book/tatyana-alekseeva-32/bolshaya-povarennaya-kniga-garri-pottera-ot-prazdnich-69751531/

-----

-----
Test: tests/test_smoke_buy_product.py::test_buy_books (call)
Start time: 2023-11-11 16:00:40.154817
Start name method: receive_data_cart

End time: 2023-11-11 16:00:40.162337
End name method: receive_data_cart
URL: https://www.litres.ru/pages/new_basket/

-----

-----
Test: tests/test_smoke_buy_product.py::test_buy_books (call)
Start time: 2023-11-11 16:00:40.165602
Start name method: search_product_book

End time: 2023-11-11 16:02:32.245248
End name method: search_product_book
URL: https://www.litres.ru/search/?q=%D0%A8%D0%BE%D0%BA%D0%BE%D0%BB%D0%B0%D0%B4+%D0%94%D0%B6%D0%BE%D0%B0%D0%BD+%D0%A5%D0%B0%D1%80%D1%80%D0%B8%D1%81

-----

-----
Test: tests/test_smoke_buy_product.py::test_buy_books (call)
Start time: 2023-11-11 16:02:32.289389
Start name method: select_new_product

End time: 2023-11-11 16:03:49.585653
End name method: select_new_product
URL: https://www.litres.ru/book/dzhoann-harris/shokolad-121580/

-----

-----
Test: tests/test_smoke_buy_product.py::test_buy_books (call)
Start time: 2023-11-11 16:03:49.586540
Start name method: working_with_the_new_book

End time: 2023-11-11 16:05:04.262509
End name method: working_with_the_new_book
URL: https://www.litres.ru/pages/new_basket/

-----

-----
Test: tests/test_smoke_buy_product.py::test_buy_books (call)
Start time: 2023-11-11 16:05:04.356307
Start name method: working_with_books_in_the_cart

End time: 2023-11-11 16:05:04.814805
End name method: working_with_books_in_the_cart
URL: https://www.litres.ru/pages/new_basket/

-----

-----
Test: tests/test_smoke_buy_product.py::test_buy_books (call)
Start time: 2023-11-11 16:05:04.951129
Start name method: purchase

End time: 2023-11-11 16:05:05.469763
End name method: purchase
URL: https://www.litres.ru/pages/new_basket/

-----

-----
Test: tests/test_smoke_buy_product.py::test_buy_books (call)
Start time: 2023-11-11 16:05:05.470022
Start name method: clean_all

End time: 2023-11-11 16:05:16.716230
End name method: clean_all
URL: https://www.litres.ru/pages/new_basket/

-----
